0 info it worked if it ends with ok
1 verbose cli [ 'C:\\Program Files\\nodejs\\node.exe',
1 verbose cli   'C:\\Program Files\\nodejs\\node_modules\\npm\\bin\\npm-cli.js',
1 verbose cli   'publish',
1 verbose cli   '--tag',
1 verbose cli   'lastest' ]
2 info using npm@2.15.8
3 info using node@v4.4.7
4 verbose publish [ '.' ]
5 silly cache add args [ '.', null ]
6 verbose cache add spec .
7 silly cache add parsed spec Result {
7 silly cache add   raw: '.',
7 silly cache add   scope: null,
7 silly cache add   name: null,
7 silly cache add   rawSpec: '.',
7 silly cache add   spec: 'e:\\workspace_web\\online_mp4_duration',
7 silly cache add   type: 'directory' }
8 verbose addLocalDirectory C:\Users\petjelinux\AppData\Roaming\npm-cache\online_mp4_duration\2.0.2\package.tgz not in flight; packing
9 verbose correctMkdir C:\Users\petjelinux\AppData\Roaming\npm-cache correctMkdir not in flight; initializing
10 verbose tar pack [ 'C:\\Users\\petjelinux\\AppData\\Roaming\\npm-cache\\online_mp4_duration\\2.0.2\\package.tgz',
10 verbose tar pack   'e:\\workspace_web\\online_mp4_duration' ]
11 verbose tarball C:\Users\petjelinux\AppData\Roaming\npm-cache\online_mp4_duration\2.0.2\package.tgz
12 verbose folder e:\workspace_web\online_mp4_duration
13 info prepublish online_mp4_duration@2.0.2
14 verbose addLocalTarball adding from inside cache C:\Users\petjelinux\AppData\Roaming\npm-cache\online_mp4_duration\2.0.2\package.tgz
15 verbose correctMkdir C:\Users\petjelinux\AppData\Roaming\npm-cache correctMkdir not in flight; initializing
16 silly cache afterAdd online_mp4_duration@2.0.2
17 verbose afterAdd C:\Users\petjelinux\AppData\Roaming\npm-cache\online_mp4_duration\2.0.2\package\package.json not in flight; writing
18 verbose correctMkdir C:\Users\petjelinux\AppData\Roaming\npm-cache correctMkdir not in flight; initializing
19 verbose afterAdd C:\Users\petjelinux\AppData\Roaming\npm-cache\online_mp4_duration\2.0.2\package\package.json written
20 silly publish { name: 'online_mp4_duration',
20 silly publish   version: '2.0.2',
20 silly publish   description: 'get online mp4 file\'s duration',
20 silly publish   main: 'index.js',
20 silly publish   scripts: { test: 'node test.js' },
20 silly publish   repository:
20 silly publish    { type: 'git',
20 silly publish      url: 'git+https://github.com/jeffry1829/online_mp4_duration.git' },
20 silly publish   keywords: [ 'online', 'request', 'mp4', 'metadata', 'duration' ],
20 silly publish   author: { name: 'jeffry1829@gmail.com' },
20 silly publish   license: 'ISC',
20 silly publish   bugs: { url: 'https://github.com/jeffry1829/online_mp4_duration/issues' },
20 silly publish   homepage: 'https://github.com/jeffry1829/online_mp4_duration#readme',
20 silly publish   dependencies: { 'follow-redirects': '^1.1.0', 'http-range': '^1.0.0' },
20 silly publish   readme: '#Online_mp4_duration  \r\nThis module can get online .mp4 file\'s duration  \r\n##Usage  \r\n```npm install online_mp4_duration```  \r\n```var onlinemp4duration = require(\'online_mp4_duration\');```  \r\n```onlinemp4duration(\'http://example.com/instance.mp4\', function(err, duration){})```  \r\n##Notice  \r\nThe url need to return .mp4 file DIRECTLY   \r\nFor example, you shouldn\'t input a url which return 302  \r\n  \r\nand this module won\'t check the url, you need to check user input yourself.',
20 silly publish   readmeFilename: 'README.markdown',
20 silly publish   gitHead: 'ac2408c284dfc7d75ca187f4e07fec0edcc8195e',
20 silly publish   _id: 'online_mp4_duration@2.0.2',
20 silly publish   _shasum: 'e35b801f6ae7fe8f0c90dc6bc7a4d74faaee0fe9',
20 silly publish   _from: '.' }
21 verbose getPublishConfig undefined
22 silly mapToRegistry name online_mp4_duration
23 silly mapToRegistry using default registry
24 silly mapToRegistry registry https://registry.npmjs.org/
25 silly mapToRegistry data Result {
25 silly mapToRegistry   raw: 'online_mp4_duration',
25 silly mapToRegistry   scope: null,
25 silly mapToRegistry   name: 'online_mp4_duration',
25 silly mapToRegistry   rawSpec: '',
25 silly mapToRegistry   spec: 'latest',
25 silly mapToRegistry   type: 'tag' }
26 silly mapToRegistry uri https://registry.npmjs.org/online_mp4_duration
27 verbose publish registryBase https://registry.npmjs.org/
28 silly publish uploading C:\Users\petjelinux\AppData\Roaming\npm-cache\online_mp4_duration\2.0.2\package.tgz
29 verbose request uri https://registry.npmjs.org/online_mp4_duration
30 verbose request sending authorization for write operation
31 info attempt registry request try #1 at 20:16:45
32 verbose request using bearer token for auth
33 verbose request id 96de239dbf31ddbf
34 http request PUT https://registry.npmjs.org/online_mp4_duration
35 http 403 https://registry.npmjs.org/online_mp4_duration
36 verbose headers { 'content-type': 'application/json',
36 verbose headers   'cache-control': 'max-age=300',
36 verbose headers   'content-length': '95',
36 verbose headers   'accept-ranges': 'bytes',
36 verbose headers   date: 'Wed, 30 Nov 2016 12:16:46 GMT',
36 verbose headers   via: '1.1 varnish',
36 verbose headers   connection: 'keep-alive',
36 verbose headers   'x-served-by': 'cache-hkg6825-HKG',
36 verbose headers   'x-cache': 'MISS',
36 verbose headers   'x-cache-hits': '0',
36 verbose headers   'x-timer': 'S1480508205.483595,VS0,VE843',
36 verbose headers   vary: 'Accept-Encoding' }
37 verbose request invalidating C:\Users\petjelinux\AppData\Roaming\npm-cache\registry.npmjs.org\online_mp4_duration on PUT
38 error publish Failed PUT 403
39 verbose stack Error: "You cannot publish over the previously published version 2.0.2." : online_mp4_duration
39 verbose stack     at makeError (C:\Program Files\nodejs\node_modules\npm\node_modules\npm-registry-client\lib\request.js:264:12)
39 verbose stack     at CachingRegistryClient.<anonymous> (C:\Program Files\nodejs\node_modules\npm\node_modules\npm-registry-client\lib\request.js:252:14)
39 verbose stack     at Request._callback (C:\Program Files\nodejs\node_modules\npm\node_modules\npm-registry-client\lib\request.js:172:14)
39 verbose stack     at Request.self.callback (C:\Program Files\nodejs\node_modules\npm\node_modules\request\request.js:200:22)
39 verbose stack     at emitTwo (events.js:87:13)
39 verbose stack     at Request.emit (events.js:172:7)
39 verbose stack     at Request.<anonymous> (C:\Program Files\nodejs\node_modules\npm\node_modules\request\request.js:1067:10)
39 verbose stack     at emitOne (events.js:82:20)
39 verbose stack     at Request.emit (events.js:169:7)
39 verbose stack     at IncomingMessage.<anonymous> (C:\Program Files\nodejs\node_modules\npm\node_modules\request\request.js:988:12)
40 verbose statusCode 403
41 verbose pkgid online_mp4_duration
42 verbose cwd e:\workspace_web\online_mp4_duration
43 error Windows_NT 10.0.14393
44 error argv "C:\\Program Files\\nodejs\\node.exe" "C:\\Program Files\\nodejs\\node_modules\\npm\\bin\\npm-cli.js" "publish" "--tag" "lastest"
45 error node v4.4.7
46 error npm  v2.15.8
47 error code E403
48 error "You cannot publish over the previously published version 2.0.2." : online_mp4_duration
49 error If you need help, you may report this error at:
49 error     <https://github.com/npm/npm/issues>
50 verbose exit [ 1, true ]
